{"/home/ciphercorsair/Programming/FH/htwg/sem5/webapp/src/App.tsx": {"path":"/home/ciphercorsair/Programming/FH/htwg/sem5/webapp/src/App.tsx","statementMap":{"0":{"start":{"line":12,"column":2},"end":{"line":86,"column":null}}},"fnMap":{"0":{"name":"App","decl":{"start":{"line":11,"column":24},"end":{"line":11,"column":30}},"loc":{"start":{"line":11,"column":30},"end":{"line":88,"column":null}},"line":11}},"branchMap":{},"s":{"0":0},"f":{"0":0},"b":{},"meta":{"lastBranch":0,"lastFunction":1,"lastStatement":1,"seen":{"f:11:24:11:30":0,"s:12:2:86:Infinity":0},"fnNames":{}}}
,"/home/ciphercorsair/Programming/FH/htwg/sem5/webapp/src/types.ts": {"path":"/home/ciphercorsair/Programming/FH/htwg/sem5/webapp/src/types.ts","statementMap":{},"fnMap":{},"branchMap":{},"s":{},"f":{},"b":{},"meta":{"lastBranch":0,"lastFunction":0,"lastStatement":0,"seen":{},"fnNames":{}}}
,"/home/ciphercorsair/Programming/FH/htwg/sem5/webapp/src/components/LeaderboardTable.tsx": {"path":"/home/ciphercorsair/Programming/FH/htwg/sem5/webapp/src/components/LeaderboardTable.tsx","statementMap":{"0":{"start":{"line":4,"column":2},"end":{"line":26,"column":null}}},"fnMap":{"0":{"name":"LeaderboardTable","decl":{"start":{"line":3,"column":24},"end":{"line":3,"column":43}},"loc":{"start":{"line":3,"column":43},"end":{"line":28,"column":null}},"line":3}},"branchMap":{},"s":{"0":0},"f":{"0":0},"b":{},"meta":{"lastBranch":0,"lastFunction":1,"lastStatement":1,"seen":{"f:3:24:3:43":0,"s:4:2:26:Infinity":0},"fnNames":{}}}
,"/home/ciphercorsair/Programming/FH/htwg/sem5/webapp/src/components/LoginForm.tsx": {"path":"/home/ciphercorsair/Programming/FH/htwg/sem5/webapp/src/components/LoginForm.tsx","statementMap":{"0":{"start":{"line":7,"column":17},"end":{"line":10,"column":null}},"1":{"start":{"line":12,"column":8},"end":{"line":20,"column":null}},"2":{"start":{"line":13,"column":4},"end":{"line":13,"column":null}},"3":{"start":{"line":15,"column":28},"end":{"line":15,"column":null}},"4":{"start":{"line":16,"column":4},"end":{"line":19,"column":null}},"5":{"start":{"line":16,"column":27},"end":{"line":19,"column":6}},"6":{"start":{"line":22,"column":20},"end":{"line":22,"column":null}},"7":{"start":{"line":23,"column":16},"end":{"line":23,"column":null}},"8":{"start":{"line":25,"column":8},"end":{"line":32,"column":null}},"9":{"start":{"line":26,"column":4},"end":{"line":26,"column":null}},"10":{"start":{"line":27,"column":4},"end":{"line":29,"column":null}},"11":{"start":{"line":28,"column":6},"end":{"line":28,"column":null}},"12":{"start":{"line":30,"column":4},"end":{"line":30,"column":null}},"13":{"start":{"line":31,"column":4},"end":{"line":31,"column":null}},"14":{"start":{"line":35,"column":4},"end":{"line":40,"column":null}},"15":{"start":{"line":43,"column":2},"end":{"line":85,"column":null}}},"fnMap":{"0":{"name":"LoginForm","decl":{"start":{"line":6,"column":24},"end":{"line":6,"column":34}},"loc":{"start":{"line":6,"column":55},"end":{"line":87,"column":null}},"line":6},"1":{"name":"(anonymous_1)","decl":{"start":{"line":12,"column":8},"end":{"line":12,"column":29}},"loc":{"start":{"line":12,"column":76},"end":{"line":20,"column":null}},"line":12},"2":{"name":"(anonymous_2)","decl":{"start":{"line":16,"column":4},"end":{"line":16,"column":15}},"loc":{"start":{"line":16,"column":27},"end":{"line":19,"column":6}},"line":16},"3":{"name":"(anonymous_3)","decl":{"start":{"line":25,"column":8},"end":{"line":25,"column":24}},"loc":{"start":{"line":25,"column":66},"end":{"line":32,"column":null}},"line":25}},"branchMap":{"0":{"loc":{"start":{"line":27,"column":4},"end":{"line":29,"column":null}},"type":"if","locations":[{"start":{"line":27,"column":4},"end":{"line":29,"column":null}},{"start":{},"end":{}}],"line":27},"1":{"loc":{"start":{"line":27,"column":8},"end":{"line":27,"column":44}},"type":"binary-expr","locations":[{"start":{"line":27,"column":8},"end":{"line":27,"column":27}},{"start":{"line":27,"column":27},"end":{"line":27,"column":44}}],"line":27},"2":{"loc":{"start":{"line":35,"column":4},"end":{"line":40,"column":null}},"type":"cond-expr","locations":[{"start":{"line":36,"column":6},"end":{"line":37,"column":17}},{"start":{"line":37,"column":8},"end":{"line":40,"column":null}}],"line":35},"3":{"loc":{"start":{"line":37,"column":8},"end":{"line":40,"column":null}},"type":"cond-expr","locations":[{"start":{"line":38,"column":6},"end":{"line":40,"column":7}},{"start":{"line":40,"column":6},"end":{"line":40,"column":null}}],"line":37},"4":{"loc":{"start":{"line":48,"column":11},"end":{"line":48,"column":null}},"type":"binary-expr","locations":[{"start":{"line":48,"column":11},"end":{"line":48,"column":24}},{"start":{"line":48,"column":24},"end":{"line":48,"column":33}},{"start":{"line":48,"column":33},"end":{"line":48,"column":null}}],"line":48},"5":{"loc":{"start":{"line":49,"column":11},"end":{"line":60,"column":null}},"type":"binary-expr","locations":[{"start":{"line":49,"column":11},"end":{"line":49,"column":null}},{"start":{"line":50,"column":12},"end":{"line":60,"column":null}}],"line":49},"6":{"loc":{"start":{"line":63,"column":11},"end":{"line":64,"column":null}},"type":"binary-expr","locations":[{"start":{"line":63,"column":11},"end":{"line":63,"column":24}},{"start":{"line":63,"column":24},"end":{"line":63,"column":null}},{"start":{"line":64,"column":12},"end":{"line":64,"column":null}}],"line":63},"7":{"loc":{"start":{"line":67,"column":11},"end":{"line":79,"column":null}},"type":"binary-expr","locations":[{"start":{"line":67,"column":11},"end":{"line":67,"column":null}},{"start":{"line":68,"column":12},"end":{"line":79,"column":null}}],"line":67},"8":{"loc":{"start":{"line":82,"column":11},"end":{"line":82,"column":null}},"type":"binary-expr","locations":[{"start":{"line":82,"column":11},"end":{"line":82,"column":21}},{"start":{"line":82,"column":21},"end":{"line":82,"column":null}}],"line":82}},"s":{"0":0,"1":0,"2":0,"3":0,"4":0,"5":0,"6":0,"7":0,"8":0,"9":0,"10":0,"11":0,"12":0,"13":0,"14":0,"15":0},"f":{"0":0,"1":0,"2":0,"3":0},"b":{"0":[0,0],"1":[0,0],"2":[0,0],"3":[0,0],"4":[0,0,0],"5":[0,0],"6":[0,0,0],"7":[0,0],"8":[0,0]},"meta":{"lastBranch":9,"lastFunction":4,"lastStatement":16,"seen":{"f:6:24:6:34":0,"s:7:17:10:Infinity":0,"s:12:8:20:Infinity":1,"f:12:8:12:29":1,"s:13:4:13:Infinity":2,"s:15:28:15:Infinity":3,"s:16:4:19:Infinity":4,"f:16:4:16:15":2,"s:16:27:19:6":5,"s:22:20:22:Infinity":6,"s:23:16:23:Infinity":7,"s:25:8:32:Infinity":8,"f:25:8:25:24":3,"s:26:4:26:Infinity":9,"b:27:4:29:Infinity:undefined:undefined:undefined:undefined":0,"s:27:4:29:Infinity":10,"b:27:8:27:27:27:27:27:44":1,"s:28:6:28:Infinity":11,"s:30:4:30:Infinity":12,"s:31:4:31:Infinity":13,"s:35:4:40:Infinity":14,"b:36:6:37:17:37:8:40:Infinity":2,"b:38:6:40:7:40:6:40:Infinity":3,"s:43:2:85:Infinity":15,"b:48:11:48:24:48:24:48:33:48:33:48:Infinity":4,"b:49:11:49:Infinity:50:12:60:Infinity":5,"b:63:11:63:24:63:24:63:Infinity:64:12:64:Infinity":6,"b:67:11:67:Infinity:68:12:79:Infinity":7,"b:82:11:82:21:82:21:82:Infinity":8},"fnNames":{}}}
,"/home/ciphercorsair/Programming/FH/htwg/sem5/webapp/src/components/Navbar.tsx": {"path":"/home/ciphercorsair/Programming/FH/htwg/sem5/webapp/src/components/Navbar.tsx","statementMap":{"0":{"start":{"line":6,"column":2},"end":{"line":6,"column":null}},"1":{"start":{"line":10,"column":8},"end":{"line":10,"column":null}},"2":{"start":{"line":11,"column":16},"end":{"line":11,"column":null}},"3":{"start":{"line":13,"column":8},"end":{"line":16,"column":null}},"4":{"start":{"line":14,"column":4},"end":{"line":14,"column":null}},"5":{"start":{"line":15,"column":4},"end":{"line":15,"column":null}},"6":{"start":{"line":18,"column":2},"end":{"line":36,"column":null}},"7":{"start":{"line":21,"column":30},"end":{"line":21,"column":null}},"8":{"start":{"line":23,"column":8},"end":{"line":29,"column":null}},"9":{"start":{"line":26,"column":27},"end":{"line":26,"column":null}},"10":{"start":{"line":41,"column":2},"end":{"line":41,"column":null}}},"fnMap":{"0":{"name":"enableDarkmode","decl":{"start":{"line":5,"column":9},"end":{"line":5,"column":26}},"loc":{"start":{"line":5,"column":26},"end":{"line":7,"column":null}},"line":5},"1":{"name":"GenerateButtons","decl":{"start":{"line":9,"column":9},"end":{"line":9,"column":27}},"loc":{"start":{"line":9,"column":27},"end":{"line":38,"column":null}},"line":9},"2":{"name":"(anonymous_2)","decl":{"start":{"line":13,"column":8},"end":{"line":13,"column":28}},"loc":{"start":{"line":13,"column":42},"end":{"line":16,"column":null}},"line":13},"3":{"name":"(anonymous_3)","decl":{"start":{"line":20,"column":13},"end":{"line":20,"column":18}},"loc":{"start":{"line":20,"column":27},"end":{"line":31,"column":7}},"line":20},"4":{"name":"(anonymous_4)","decl":{"start":{"line":26,"column":12},"end":{"line":26,"column":27}},"loc":{"start":{"line":26,"column":27},"end":{"line":26,"column":null}},"line":26},"5":{"name":"Navbar","decl":{"start":{"line":40,"column":24},"end":{"line":40,"column":33}},"loc":{"start":{"line":40,"column":33},"end":{"line":42,"column":null}},"line":40}},"branchMap":{},"s":{"0":0,"1":0,"2":0,"3":0,"4":0,"5":0,"6":0,"7":0,"8":0,"9":0,"10":0},"f":{"0":0,"1":0,"2":0,"3":0,"4":0,"5":0},"b":{},"meta":{"lastBranch":0,"lastFunction":6,"lastStatement":11,"seen":{"f:5:9:5:26":0,"s:6:2:6:Infinity":0,"f:9:9:9:27":1,"s:10:8:10:Infinity":1,"s:11:16:11:Infinity":2,"s:13:8:16:Infinity":3,"f:13:8:13:28":2,"s:14:4:14:Infinity":4,"s:15:4:15:Infinity":5,"s:18:2:36:Infinity":6,"f:20:13:20:18":3,"s:21:30:21:Infinity":7,"s:23:8:29:Infinity":8,"f:26:12:26:27":4,"s:26:27:26:Infinity":9,"f:40:24:40:33":5,"s:41:2:41:Infinity":10},"fnNames":{}}}
,"/home/ciphercorsair/Programming/FH/htwg/sem5/webapp/src/pages/Game.tsx": {"path":"/home/ciphercorsair/Programming/FH/htwg/sem5/webapp/src/pages/Game.tsx","statementMap":{"0":{"start":{"line":2,"column":2},"end":{"line":21,"column":null}},"1":{"start":{"line":11,"column":12},"end":{"line":17,"column":null}}},"fnMap":{"0":{"name":"Game","decl":{"start":{"line":1,"column":24},"end":{"line":1,"column":31}},"loc":{"start":{"line":1,"column":31},"end":{"line":23,"column":null}},"line":1},"1":{"name":"(anonymous_1)","decl":{"start":{"line":10,"column":25},"end":{"line":10,"column":30}},"loc":{"start":{"line":11,"column":12},"end":{"line":17,"column":null}},"line":11}},"branchMap":{},"s":{"0":0,"1":0},"f":{"0":0,"1":0},"b":{},"meta":{"lastBranch":0,"lastFunction":2,"lastStatement":2,"seen":{"f:1:24:1:31":0,"s:2:2:21:Infinity":0,"f:10:25:10:30":1,"s:11:12:17:Infinity":1},"fnNames":{}}}
,"/home/ciphercorsair/Programming/FH/htwg/sem5/webapp/src/pages/Index.tsx": {"path":"/home/ciphercorsair/Programming/FH/htwg/sem5/webapp/src/pages/Index.tsx","statementMap":{"0":{"start":{"line":2,"column":2},"end":{"line":2,"column":null}}},"fnMap":{"0":{"name":"Index","decl":{"start":{"line":1,"column":24},"end":{"line":1,"column":32}},"loc":{"start":{"line":1,"column":32},"end":{"line":3,"column":null}},"line":1}},"branchMap":{},"s":{"0":0},"f":{"0":0},"b":{},"meta":{"lastBranch":0,"lastFunction":1,"lastStatement":1,"seen":{"f:1:24:1:32":0,"s:2:2:2:Infinity":0},"fnNames":{}}}
,"/home/ciphercorsair/Programming/FH/htwg/sem5/webapp/src/pages/Leaderboard.tsx": {"path":"/home/ciphercorsair/Programming/FH/htwg/sem5/webapp/src/pages/Leaderboard.tsx","statementMap":{"0":{"start":{"line":3,"column":2},"end":{"line":6,"column":null}}},"fnMap":{"0":{"name":"Leaderboard","decl":{"start":{"line":2,"column":24},"end":{"line":2,"column":38}},"loc":{"start":{"line":2,"column":38},"end":{"line":8,"column":null}},"line":2}},"branchMap":{},"s":{"0":0},"f":{"0":0},"b":{},"meta":{"lastBranch":0,"lastFunction":1,"lastStatement":1,"seen":{"f:2:24:2:38":0,"s:3:2:6:Infinity":0},"fnNames":{}}}
,"/home/ciphercorsair/Programming/FH/htwg/sem5/webapp/src/pages/Login.tsx": {"path":"/home/ciphercorsair/Programming/FH/htwg/sem5/webapp/src/pages/Login.tsx","statementMap":{"0":{"start":{"line":6,"column":8},"end":{"line":6,"column":null}},"1":{"start":{"line":8,"column":2},"end":{"line":14,"column":null}},"2":{"start":{"line":11,"column":31},"end":{"line":11,"column":45}}},"fnMap":{"0":{"name":"Login","decl":{"start":{"line":5,"column":24},"end":{"line":5,"column":32}},"loc":{"start":{"line":5,"column":32},"end":{"line":16,"column":null}},"line":5},"1":{"name":"(anonymous_1)","decl":{"start":{"line":11,"column":16},"end":{"line":11,"column":31}},"loc":{"start":{"line":11,"column":31},"end":{"line":11,"column":45}},"line":11}},"branchMap":{},"s":{"0":0,"1":0,"2":0},"f":{"0":0,"1":0},"b":{},"meta":{"lastBranch":0,"lastFunction":2,"lastStatement":3,"seen":{"f:5:24:5:32":0,"s:6:8:6:Infinity":0,"s:8:2:14:Infinity":1,"f:11:16:11:31":1,"s:11:31:11:45":2},"fnNames":{}}}
,"/home/ciphercorsair/Programming/FH/htwg/sem5/webapp/src/pages/Register.tsx": {"path":"/home/ciphercorsair/Programming/FH/htwg/sem5/webapp/src/pages/Register.tsx","statementMap":{"0":{"start":{"line":6,"column":8},"end":{"line":6,"column":null}},"1":{"start":{"line":8,"column":2},"end":{"line":14,"column":null}},"2":{"start":{"line":11,"column":31},"end":{"line":11,"column":45}}},"fnMap":{"0":{"name":"Register","decl":{"start":{"line":5,"column":24},"end":{"line":5,"column":35}},"loc":{"start":{"line":5,"column":35},"end":{"line":16,"column":null}},"line":5},"1":{"name":"(anonymous_1)","decl":{"start":{"line":11,"column":16},"end":{"line":11,"column":31}},"loc":{"start":{"line":11,"column":31},"end":{"line":11,"column":45}},"line":11}},"branchMap":{},"s":{"0":0,"1":0,"2":0},"f":{"0":0,"1":0},"b":{},"meta":{"lastBranch":0,"lastFunction":2,"lastStatement":3,"seen":{"f:5:24:5:35":0,"s:6:8:6:Infinity":0,"s:8:2:14:Infinity":1,"f:11:16:11:31":1,"s:11:31:11:45":2},"fnNames":{}}}
}
